<?xml version="1.0" encoding="UTF-8"?>
<!-- Generated by org.testng.reporters.JUnitReportReporter -->
<testsuite hostname="SANGEETHA" failures="0" tests="1" name="com.test.rg.TestRg" time="13.031" errors="0" timestamp="2024-06-24T15:01:35 IST" skipped="0">
  <testcase classname="com.test.rg.TestRg" name="Facebook" time="13.031"/>
</testsuite> <!-- com.test.rg.TestRg -->
