<?xml version="1.0" encoding="UTF-8"?>
<!-- Generated by org.testng.reporters.JUnitReportReporter -->
<testsuite hostname="SANGEETHA" failures="0" tests="1" name="com.test.rg.TestRg" time="10.336" errors="0" timestamp="2024-06-26T16:37:11 IST" skipped="0">
  <testcase classname="com.test.rg.TestRg" name="Facebook" time="10.336"/>
</testsuite> <!-- com.test.rg.TestRg -->
